<?xml version="1.0" encoding="UTF-8"?>
<testsuites name="TestSuite1" time="30" tests="0" failures="1" errors="0">
   <testsuite name="TestSuite1" tests="0" failures="1" errors="0" time="30" timestamp="2018-01-02 18:03:24" hostname="Claudio - ASUS-HOME.lan" id="Test Suites/TestSuite1">
      <properties>
         <property name="deviceName" value=""/>
         <property name="devicePlatform" value=""/>
         <property name="logFolder" value="C:\\Users\\Claudio\\Katalon Studio\\TelepassTest\\Reports\\TestSuite1\\20180102_180146"/>
         <property name="logFiles" value="C:\\Users\\Claudio\\Katalon Studio\\TelepassTest\\Reports\\TestSuite1\\20180102_180146\\execution0.log"/>
         <property name="attachments" value="C:\\Users\\Claudio\\Katalon Studio\\TelepassTest\\Reports\\TestSuite1\\20180102_180146\\1514912631818.png, C:\\Users\\Claudio\\Katalon Studio\\TelepassTest\\Reports\\TestSuite1\\20180102_180146\\1514912632183.png"/>
         <property name="hostName" value="Claudio - ASUS-HOME.lan"/>
         <property name="os" value="Windows 10 64bit"/>
         <property name="katalonVersion" value="5.2.0.1"/>
         <property name="browser" value="Chrome 58.0.3029.110"/>
         <property name="hostAddress" value="192.168.1.80"/>
         <property name="sessionId" value="D964773D-43FC-4670-8DFE-240F5401B2BC"/>
         <property name="seleniumVersion" value="3.7.1"/>
         <property name="proxyInformation" value="ProxyInformation{proxyOption=NO_PROXY, proxyServerType=HTTP, password=, proxyServerAddress=, proxyServerPort=0}"/>
         <property name="platform" value="Windows 10"/>
      </properties>
      <testcase name="Test Cases/NRT/TC_01_LoginOk" classname="Test Cases/NRT/TC_01_LoginOk" status="FAILED">
         <failure type="FAILED" message="Verify element text of test object 'Object Repository/Page_Telepass.it Telepass S.p.A./span_CLAUDIO GAIANI' FAILED. (Root cause: Actual text 'CLAUDIO GAIANI ' and expected text 'CLAUDIO GAIANI' of test object 'Object Repository/Page_Telepass.it Telepass S.p.A./span_CLAUDIO GAIANI' are NOT matched.)"/>
         <system-out><![CDATA[2018-01-02 18:03:25 - [TEST_CASE][FAILED] - Test Cases/NRT/TC_01_LoginOk: Test Cases/NRT/TC_01_LoginOk FAILED because (of) Verify element text of test object 'Object Repository/Page_Telepass.it Telepass S.p.A./span_CLAUDIO GAIANI' FAILED. (Root cause: Actual text 'CLAUDIO GAIANI ' and expected text 'CLAUDIO GAIANI' of test object 'Object Repository/Page_Telepass.it Telepass S.p.A./span_CLAUDIO GAIANI' are NOT matched.)

2018-01-02 18:03:26 - [TEST_STEP][PASSED] - callTestCase: Call Test Case 'Test Cases/FunzioniBase/fNavigaHomePage' successfully

2018-01-02 18:03:26 - [TEST_CASE][PASSED] - Test Cases/FunzioniBase/fNavigaHomePage: Test Cases/FunzioniBase/fNavigaHomePage

2018-01-02 18:03:27 - [TEST_STEP][PASSED] - openBrowser: Browser is opened with url: ''

2018-01-02 18:03:36 - [MESSAGE][PASSED] - Browser is opened with url: ''

2018-01-02 18:03:36 - [TEST_STEP][PASSED] - navigateToUrl: Navigate to 'http://www.telepass.it' successfully

2018-01-02 18:03:42 - [MESSAGE][PASSED] - Navigate to 'http://www.telepass.it' successfully

2018-01-02 18:03:42 - [TEST_STEP][PASSED] - switchToWindowTitle: Switched to window with title: 'Telepass: la soluzione di pagamento per la tua mobilità'

2018-01-02 18:03:42 - [MESSAGE][PASSED] - Switched to window with title: 'Telepass: la soluzione di pagamento per la tua mobilità'

2018-01-02 18:03:42 - [MESSAGE][PASSED] - Call Test Case 'Test Cases/FunzioniBase/fNavigaHomePage' successfully

2018-01-02 18:03:42 - [TEST_STEP][PASSED] - callTestCase: Call Test Case 'Test Cases/FunzioniBase/fLogin' successfully

2018-01-02 18:03:42 - [TEST_CASE][PASSED] - Test Cases/FunzioniBase/fLogin: Test Cases/FunzioniBase/fLogin

2018-01-02 18:03:43 - [TEST_STEP][PASSED] - click: Object: 'Object Repository/Page_Telepass la soluzione di pagam/span_Accedi' is clicked on

2018-01-02 18:03:44 - [MESSAGE][PASSED] - Object: 'Object Repository/Page_Telepass la soluzione di pagam/span_Accedi' is clicked on

2018-01-02 18:03:44 - [TEST_STEP][PASSED] - setText: Text 'cgaiani' is set on object 'Object Repository/Page_Telepass.it - ACCEDI A TELEPAS/input_username'

2018-01-02 18:03:45 - [MESSAGE][PASSED] - Text 'cgaiani' is set on object 'Object Repository/Page_Telepass.it - ACCEDI A TELEPAS/input_username'

2018-01-02 18:03:45 - [TEST_STEP][PASSED] - setText: Text 'alice123' is set on object 'Object Repository/Page_Telepass.it - ACCEDI A TELEPAS/input_password'

2018-01-02 18:03:45 - [MESSAGE][PASSED] - Text 'alice123' is set on object 'Object Repository/Page_Telepass.it - ACCEDI A TELEPAS/input_password'

2018-01-02 18:03:45 - [TEST_STEP][PASSED] - click: Object: 'Object Repository/Page_Telepass.it - ACCEDI A TELEPAS/button_ACCEDI' is clicked on

2018-01-02 18:03:46 - [MESSAGE][PASSED] - Object: 'Object Repository/Page_Telepass.it - ACCEDI A TELEPAS/button_ACCEDI' is clicked on

2018-01-02 18:03:46 - [MESSAGE][PASSED] - Call Test Case 'Test Cases/FunzioniBase/fLogin' successfully

2018-01-02 18:03:46 - [TEST_STEP][FAILED] - verifyElementText: Verify element text of test object 'Object Repository/Page_Telepass.it Telepass S.p.A./span_CLAUDIO GAIANI' FAILED. (Root cause: Actual text 'CLAUDIO GAIANI ' and expected text 'CLAUDIO GAIANI' of test object 'Object Repository/Page_Telepass.it Telepass S.p.A./span_CLAUDIO GAIANI' are NOT matched.)

2018-01-02 18:03:52 - [MESSAGE][FAILED] - Actual text 'CLAUDIO GAIANI ' and expected text 'CLAUDIO GAIANI' of test object 'Object Repository/Page_Telepass.it Telepass S.p.A./span_CLAUDIO GAIANI' are NOT matched.
[[ATTACHMENT|C:\\Users\\Claudio\\Katalon Studio\\TelepassTest\\Reports\\TestSuite1\\20180102_180146\\1514912631818.png]]

2018-01-02 18:03:52 - [MESSAGE][FAILED] - Verify element text of test object 'Object Repository/Page_Telepass.it Telepass S.p.A./span_CLAUDIO GAIANI' FAILED. (Root cause: Actual text 'CLAUDIO GAIANI ' and expected text 'CLAUDIO GAIANI' of test object 'Object Repository/Page_Telepass.it Telepass S.p.A./span_CLAUDIO GAIANI' are NOT matched.)
[[ATTACHMENT|C:\\Users\\Claudio\\Katalon Studio\\TelepassTest\\Reports\\TestSuite1\\20180102_180146\\1514912632183.png]]]]></system-out>
         <system-err><![CDATA[2018-01-02 18:03:25 - [TEST_CASE][FAILED] - Test Cases/NRT/TC_01_LoginOk: Test Cases/NRT/TC_01_LoginOk FAILED because (of) Verify element text of test object 'Object Repository/Page_Telepass.it Telepass S.p.A./span_CLAUDIO GAIANI' FAILED. (Root cause: Actual text 'CLAUDIO GAIANI ' and expected text 'CLAUDIO GAIANI' of test object 'Object Repository/Page_Telepass.it Telepass S.p.A./span_CLAUDIO GAIANI' are NOT matched.)]]></system-err>
      </testcase>
      <system-out><![CDATA[2018-01-02 18:03:24 - [TEST_SUITE][FAILED] - TestSuite1: Test Cases/NRT/TC_01_LoginOk FAILED because (of) Verify element text of test object 'Object Repository/Page_Telepass.it Telepass S.p.A./span_CLAUDIO GAIANI' FAILED. (Root cause: Actual text 'CLAUDIO GAIANI ' and expected text 'CLAUDIO GAIANI' of test object 'Object Repository/Page_Telepass.it Telepass S.p.A./span_CLAUDIO GAIANI' are NOT matched.)]]></system-out>
      <system-err><![CDATA[2018-01-02 18:03:24 - [TEST_SUITE][FAILED] - TestSuite1: Test Cases/NRT/TC_01_LoginOk FAILED because (of) Verify element text of test object 'Object Repository/Page_Telepass.it Telepass S.p.A./span_CLAUDIO GAIANI' FAILED. (Root cause: Actual text 'CLAUDIO GAIANI ' and expected text 'CLAUDIO GAIANI' of test object 'Object Repository/Page_Telepass.it Telepass S.p.A./span_CLAUDIO GAIANI' are NOT matched.)]]></system-err>
   </testsuite>
</testsuites>
