<?xml version="1.0" encoding="UTF-8"?>
<testsuites name="TestSuite1" time="174" tests="7" failures="1" errors="0">
   <testsuite name="TestSuite1" tests="7" failures="1" errors="0" time="174" timestamp="2018-01-03 15:16:54" hostname="Claudio - ASUS-HOME.lan" id="Test Suites/TestSuite1">
      <properties>
         <property name="deviceName" value=""/>
         <property name="devicePlatform" value=""/>
         <property name="logFolder" value="C:\\Users\\Claudio\\Katalon Studio\\TelepassTest\\Reports\\TestSuite1\\20180103_151649"/>
         <property name="logFiles" value="C:\\Users\\Claudio\\Katalon Studio\\TelepassTest\\Reports\\TestSuite1\\20180103_151649\\execution0.log"/>
         <property name="attachments" value=""/>
         <property name="hostName" value="Claudio - ASUS-HOME.lan"/>
         <property name="os" value="Windows 10 64bit"/>
         <property name="katalonVersion" value="5.2.0.1"/>
         <property name="browser" value="Chrome 63.0.3239.84"/>
         <property name="hostAddress" value="192.168.1.80"/>
         <property name="sessionId" value="98fd84136a55367057bbef7b17958c3f"/>
         <property name="seleniumVersion" value="3.7.1"/>
         <property name="proxyInformation" value="ProxyInformation{proxyOption=NO_PROXY, proxyServerType=HTTP, password=, proxyServerAddress=, proxyServerPort=0}"/>
         <property name="platform" value="Windows 10"/>
      </properties>
      <testcase name="Test Cases/NRT/TC_01_LoginOk - Iteration 1" classname="Test Cases/NRT/TC_01_LoginOk" status="FAILED">
         <failure type="FAILED" message="Test Cases/NRT/TC_01_LoginOk FAILED because (of) Verify element text of test object 'Object Repository/HomeContratto/NomeUtenteLoggato' FAILED. (Root cause: java.lang.RuntimeException: Unexpected result for screenshot command: null)"/>
         <system-out><![CDATA[2018-01-03 15:16:55 - [TEST_CASE][FAILED] - Test Cases/NRT/TC_01_LoginOk - Iteration 1: Test Cases/NRT/TC_01_LoginOk FAILED because (of) Verify element text of test object 'Object Repository/HomeContratto/NomeUtenteLoggato' FAILED. (Root cause: java.lang.RuntimeException: Unexpected result for screenshot command: null)

2018-01-03 15:16:56 - [TEST_STEP][PASSED] - callTestCase: Call Test Case 'Test Cases/FunzioniBase/fNavigaHomePage' successfully

2018-01-03 15:16:56 - [TEST_CASE][PASSED] - Test Cases/FunzioniBase/fNavigaHomePage: Test Cases/FunzioniBase/fNavigaHomePage

2018-01-03 15:16:57 - [TEST_STEP][PASSED] - openBrowser: Browser is opened with url: ''

2018-01-03 15:17:04 - [MESSAGE][PASSED] - Browser is opened with url: ''

2018-01-03 15:17:04 - [TEST_STEP][PASSED] - navigateToUrl: Navigate to 'http://www.telepass.it' successfully

2018-01-03 15:17:07 - [MESSAGE][PASSED] - Navigate to 'http://www.telepass.it' successfully

2018-01-03 15:17:07 - [TEST_STEP][PASSED] - switchToWindowTitle: Switched to window with title: 'Telepass: la soluzione di pagamento per la tua mobilità'

2018-01-03 15:17:12 - [MESSAGE][PASSED] - Switched to window with title: 'Telepass: la soluzione di pagamento per la tua mobilità'

2018-01-03 15:17:12 - [MESSAGE][PASSED] - Call Test Case 'Test Cases/FunzioniBase/fNavigaHomePage' successfully

2018-01-03 15:17:12 - [TEST_STEP][PASSED] - callTestCase: Call Test Case 'Test Cases/FunzioniBase/fLogin' successfully

2018-01-03 15:17:12 - [TEST_CASE][PASSED] - Test Cases/FunzioniBase/fLogin: Test Cases/FunzioniBase/fLogin

2018-01-03 15:17:12 - [TEST_STEP][PASSED] - click: Object: 'Object Repository/HomePage/span_Accedi' is clicked on

2018-01-03 15:17:14 - [MESSAGE][PASSED] - Object: 'Object Repository/HomePage/span_Accedi' is clicked on

2018-01-03 15:17:14 - [TEST_STEP][PASSED] - setText: Text 'cgaiani' is set on object 'Object Repository/LoginPage/input_username'

2018-01-03 15:17:14 - [MESSAGE][PASSED] - Text 'cgaiani' is set on object 'Object Repository/LoginPage/input_username'

2018-01-03 15:17:14 - [TEST_STEP][PASSED] - setText: Text 'alice1234' is set on object 'Object Repository/LoginPage/input_password'

2018-01-03 15:17:15 - [MESSAGE][PASSED] - Text 'alice1234' is set on object 'Object Repository/LoginPage/input_password'

2018-01-03 15:17:15 - [TEST_STEP][PASSED] - click: Object: 'Object Repository/LoginPage/button_ACCEDI' is clicked on

2018-01-03 15:17:16 - [MESSAGE][PASSED] - Object: 'Object Repository/LoginPage/button_ACCEDI' is clicked on

2018-01-03 15:17:16 - [MESSAGE][PASSED] - Call Test Case 'Test Cases/FunzioniBase/fLogin' successfully

2018-01-03 15:17:16 - [TEST_STEP][FAILED] - verifyElementText: Verify element text of test object 'Object Repository/HomeContratto/NomeUtenteLoggato' FAILED. (Root cause: java.lang.RuntimeException: Unexpected result for screenshot command: null)

2018-01-03 15:17:48 - [MESSAGE][WARNING] - Cannot take screenshot

2018-01-03 15:17:48 - [MESSAGE][FAILED] - Verify element text of test object 'Object Repository/HomeContratto/NomeUtenteLoggato' FAILED. (Root cause: java.lang.RuntimeException: Unexpected result for screenshot command: null)]]></system-out>
         <system-err><![CDATA[2018-01-03 15:16:55 - [TEST_CASE][FAILED] - Test Cases/NRT/TC_01_LoginOk - Iteration 1: Test Cases/NRT/TC_01_LoginOk FAILED because (of) Verify element text of test object 'Object Repository/HomeContratto/NomeUtenteLoggato' FAILED. (Root cause: java.lang.RuntimeException: Unexpected result for screenshot command: null)]]></system-err>
      </testcase>
      <testcase name="Test Cases/NRT/TC_01_LoginOk - Iteration 2" classname="Test Cases/NRT/TC_01_LoginOk" status="PASSED">
         <system-out><![CDATA[2018-01-03 15:17:48 - [TEST_CASE][PASSED] - Test Cases/NRT/TC_01_LoginOk - Iteration 2: Test Cases/NRT/TC_01_LoginOk

2018-01-03 15:17:48 - [TEST_STEP][PASSED] - callTestCase: Call Test Case 'Test Cases/FunzioniBase/fNavigaHomePage' successfully

2018-01-03 15:17:48 - [TEST_CASE][PASSED] - Test Cases/FunzioniBase/fNavigaHomePage: Test Cases/FunzioniBase/fNavigaHomePage

2018-01-03 15:17:48 - [TEST_STEP][PASSED] - openBrowser: Browser is opened with url: ''

2018-01-03 15:17:48 - [MESSAGE][WARNING] - A browser is already opened. Closing browser and opening a new one

2018-01-03 15:17:53 - [MESSAGE][PASSED] - Browser is opened with url: ''

2018-01-03 15:17:53 - [TEST_STEP][PASSED] - navigateToUrl: Navigate to 'http://www.telepass.it' successfully

2018-01-03 15:18:00 - [MESSAGE][PASSED] - Navigate to 'http://www.telepass.it' successfully

2018-01-03 15:18:00 - [TEST_STEP][PASSED] - switchToWindowTitle: Switched to window with title: 'Telepass: la soluzione di pagamento per la tua mobilità'

2018-01-03 15:18:02 - [MESSAGE][PASSED] - Switched to window with title: 'Telepass: la soluzione di pagamento per la tua mobilità'

2018-01-03 15:18:02 - [MESSAGE][PASSED] - Call Test Case 'Test Cases/FunzioniBase/fNavigaHomePage' successfully

2018-01-03 15:18:02 - [TEST_STEP][PASSED] - callTestCase: Call Test Case 'Test Cases/FunzioniBase/fLogin' successfully

2018-01-03 15:18:02 - [TEST_CASE][PASSED] - Test Cases/FunzioniBase/fLogin: Test Cases/FunzioniBase/fLogin

2018-01-03 15:18:02 - [TEST_STEP][PASSED] - click: Object: 'Object Repository/HomePage/span_Accedi' is clicked on

2018-01-03 15:18:03 - [MESSAGE][PASSED] - Object: 'Object Repository/HomePage/span_Accedi' is clicked on

2018-01-03 15:18:03 - [TEST_STEP][PASSED] - setText: Text 'cgaiani' is set on object 'Object Repository/LoginPage/input_username'

2018-01-03 15:18:04 - [MESSAGE][PASSED] - Text 'cgaiani' is set on object 'Object Repository/LoginPage/input_username'

2018-01-03 15:18:04 - [TEST_STEP][PASSED] - setText: Text 'alice123' is set on object 'Object Repository/LoginPage/input_password'

2018-01-03 15:18:04 - [MESSAGE][PASSED] - Text 'alice123' is set on object 'Object Repository/LoginPage/input_password'

2018-01-03 15:18:04 - [TEST_STEP][PASSED] - click: Object: 'Object Repository/LoginPage/button_ACCEDI' is clicked on

2018-01-03 15:18:07 - [MESSAGE][PASSED] - Object: 'Object Repository/LoginPage/button_ACCEDI' is clicked on

2018-01-03 15:18:07 - [MESSAGE][PASSED] - Call Test Case 'Test Cases/FunzioniBase/fLogin' successfully

2018-01-03 15:18:07 - [TEST_STEP][PASSED] - verifyElementText: Actual text and expected text of test object 'Object Repository/HomeContratto/NomeUtenteLoggato' are matched.

2018-01-03 15:18:08 - [MESSAGE][PASSED] - Actual text and expected text of test object 'Object Repository/HomeContratto/NomeUtenteLoggato' are matched.

2018-01-03 15:18:08 - [TEST_STEP][PASSED] - closeBrowser: Browser is closed

2018-01-03 15:18:09 - [MESSAGE][PASSED] - Browser is closed]]></system-out>
         <system-err><![CDATA[]]></system-err>
      </testcase>
      <testcase name="Test Cases/NRT/TC_01_LoginOk - Iteration 3" classname="Test Cases/NRT/TC_01_LoginOk" status="PASSED">
         <system-out><![CDATA[2018-01-03 15:18:09 - [TEST_CASE][PASSED] - Test Cases/NRT/TC_01_LoginOk - Iteration 3: Test Cases/NRT/TC_01_LoginOk

2018-01-03 15:18:09 - [TEST_STEP][PASSED] - callTestCase: Call Test Case 'Test Cases/FunzioniBase/fNavigaHomePage' successfully

2018-01-03 15:18:09 - [TEST_CASE][PASSED] - Test Cases/FunzioniBase/fNavigaHomePage: Test Cases/FunzioniBase/fNavigaHomePage

2018-01-03 15:18:09 - [TEST_STEP][PASSED] - openBrowser: Browser is opened with url: ''

2018-01-03 15:18:13 - [MESSAGE][PASSED] - Browser is opened with url: ''

2018-01-03 15:18:13 - [TEST_STEP][PASSED] - navigateToUrl: Navigate to 'http://www.telepass.it' successfully

2018-01-03 15:18:18 - [MESSAGE][PASSED] - Navigate to 'http://www.telepass.it' successfully

2018-01-03 15:18:18 - [TEST_STEP][PASSED] - switchToWindowTitle: Switched to window with title: 'Telepass: la soluzione di pagamento per la tua mobilità'

2018-01-03 15:18:18 - [MESSAGE][PASSED] - Switched to window with title: 'Telepass: la soluzione di pagamento per la tua mobilità'

2018-01-03 15:18:18 - [MESSAGE][PASSED] - Call Test Case 'Test Cases/FunzioniBase/fNavigaHomePage' successfully

2018-01-03 15:18:18 - [TEST_STEP][PASSED] - callTestCase: Call Test Case 'Test Cases/FunzioniBase/fLogin' successfully

2018-01-03 15:18:18 - [TEST_CASE][PASSED] - Test Cases/FunzioniBase/fLogin: Test Cases/FunzioniBase/fLogin

2018-01-03 15:18:18 - [TEST_STEP][PASSED] - click: Object: 'Object Repository/HomePage/span_Accedi' is clicked on

2018-01-03 15:18:19 - [MESSAGE][PASSED] - Object: 'Object Repository/HomePage/span_Accedi' is clicked on

2018-01-03 15:18:19 - [TEST_STEP][PASSED] - setText: Text 'cgaiani' is set on object 'Object Repository/LoginPage/input_username'

2018-01-03 15:18:20 - [MESSAGE][PASSED] - Text 'cgaiani' is set on object 'Object Repository/LoginPage/input_username'

2018-01-03 15:18:20 - [TEST_STEP][PASSED] - setText: Text 'alice123' is set on object 'Object Repository/LoginPage/input_password'

2018-01-03 15:18:20 - [MESSAGE][PASSED] - Text 'alice123' is set on object 'Object Repository/LoginPage/input_password'

2018-01-03 15:18:20 - [TEST_STEP][PASSED] - click: Object: 'Object Repository/LoginPage/button_ACCEDI' is clicked on

2018-01-03 15:18:23 - [MESSAGE][PASSED] - Object: 'Object Repository/LoginPage/button_ACCEDI' is clicked on

2018-01-03 15:18:23 - [MESSAGE][PASSED] - Call Test Case 'Test Cases/FunzioniBase/fLogin' successfully

2018-01-03 15:18:23 - [TEST_STEP][PASSED] - verifyElementText: Actual text and expected text of test object 'Object Repository/HomeContratto/NomeUtenteLoggato' are matched.

2018-01-03 15:18:24 - [MESSAGE][PASSED] - Actual text and expected text of test object 'Object Repository/HomeContratto/NomeUtenteLoggato' are matched.

2018-01-03 15:18:24 - [TEST_STEP][PASSED] - closeBrowser: Browser is closed

2018-01-03 15:18:25 - [MESSAGE][PASSED] - Browser is closed]]></system-out>
         <system-err><![CDATA[]]></system-err>
      </testcase>
      <testcase name="Test Cases/NRT/TC_01_LoginOk - Iteration 4" classname="Test Cases/NRT/TC_01_LoginOk" status="PASSED">
         <system-out><![CDATA[2018-01-03 15:18:25 - [TEST_CASE][PASSED] - Test Cases/NRT/TC_01_LoginOk - Iteration 4: Test Cases/NRT/TC_01_LoginOk

2018-01-03 15:18:25 - [TEST_STEP][PASSED] - callTestCase: Call Test Case 'Test Cases/FunzioniBase/fNavigaHomePage' successfully

2018-01-03 15:18:25 - [TEST_CASE][PASSED] - Test Cases/FunzioniBase/fNavigaHomePage: Test Cases/FunzioniBase/fNavigaHomePage

2018-01-03 15:18:25 - [TEST_STEP][PASSED] - openBrowser: Browser is opened with url: ''

2018-01-03 15:18:29 - [MESSAGE][PASSED] - Browser is opened with url: ''

2018-01-03 15:18:29 - [TEST_STEP][PASSED] - navigateToUrl: Navigate to 'http://www.telepass.it' successfully

2018-01-03 15:18:31 - [MESSAGE][PASSED] - Navigate to 'http://www.telepass.it' successfully

2018-01-03 15:18:31 - [TEST_STEP][PASSED] - switchToWindowTitle: Switched to window with title: 'Telepass: la soluzione di pagamento per la tua mobilità'

2018-01-03 15:18:35 - [MESSAGE][PASSED] - Switched to window with title: 'Telepass: la soluzione di pagamento per la tua mobilità'

2018-01-03 15:18:35 - [MESSAGE][PASSED] - Call Test Case 'Test Cases/FunzioniBase/fNavigaHomePage' successfully

2018-01-03 15:18:35 - [TEST_STEP][PASSED] - callTestCase: Call Test Case 'Test Cases/FunzioniBase/fLogin' successfully

2018-01-03 15:18:35 - [TEST_CASE][PASSED] - Test Cases/FunzioniBase/fLogin: Test Cases/FunzioniBase/fLogin

2018-01-03 15:18:35 - [TEST_STEP][PASSED] - click: Object: 'Object Repository/HomePage/span_Accedi' is clicked on

2018-01-03 15:18:36 - [MESSAGE][PASSED] - Object: 'Object Repository/HomePage/span_Accedi' is clicked on

2018-01-03 15:18:36 - [TEST_STEP][PASSED] - setText: Text 'cgaiani' is set on object 'Object Repository/LoginPage/input_username'

2018-01-03 15:18:37 - [MESSAGE][PASSED] - Text 'cgaiani' is set on object 'Object Repository/LoginPage/input_username'

2018-01-03 15:18:37 - [TEST_STEP][PASSED] - setText: Text 'alice123' is set on object 'Object Repository/LoginPage/input_password'

2018-01-03 15:18:37 - [MESSAGE][PASSED] - Text 'alice123' is set on object 'Object Repository/LoginPage/input_password'

2018-01-03 15:18:37 - [TEST_STEP][PASSED] - click: Object: 'Object Repository/LoginPage/button_ACCEDI' is clicked on

2018-01-03 15:18:40 - [MESSAGE][PASSED] - Object: 'Object Repository/LoginPage/button_ACCEDI' is clicked on

2018-01-03 15:18:40 - [MESSAGE][PASSED] - Call Test Case 'Test Cases/FunzioniBase/fLogin' successfully

2018-01-03 15:18:40 - [TEST_STEP][PASSED] - verifyElementText: Actual text and expected text of test object 'Object Repository/HomeContratto/NomeUtenteLoggato' are matched.

2018-01-03 15:18:41 - [MESSAGE][PASSED] - Actual text and expected text of test object 'Object Repository/HomeContratto/NomeUtenteLoggato' are matched.

2018-01-03 15:18:41 - [TEST_STEP][PASSED] - closeBrowser: Browser is closed

2018-01-03 15:18:42 - [MESSAGE][PASSED] - Browser is closed]]></system-out>
         <system-err><![CDATA[]]></system-err>
      </testcase>
      <testcase name="Test Cases/NRT/TC_01_LoginOk - Iteration 5" classname="Test Cases/NRT/TC_01_LoginOk" status="PASSED">
         <system-out><![CDATA[2018-01-03 15:18:42 - [TEST_CASE][PASSED] - Test Cases/NRT/TC_01_LoginOk - Iteration 5: Test Cases/NRT/TC_01_LoginOk

2018-01-03 15:18:42 - [TEST_STEP][PASSED] - callTestCase: Call Test Case 'Test Cases/FunzioniBase/fNavigaHomePage' successfully

2018-01-03 15:18:42 - [TEST_CASE][PASSED] - Test Cases/FunzioniBase/fNavigaHomePage: Test Cases/FunzioniBase/fNavigaHomePage

2018-01-03 15:18:42 - [TEST_STEP][PASSED] - openBrowser: Browser is opened with url: ''

2018-01-03 15:18:46 - [MESSAGE][PASSED] - Browser is opened with url: ''

2018-01-03 15:18:46 - [TEST_STEP][PASSED] - navigateToUrl: Navigate to 'http://www.telepass.it' successfully

2018-01-03 15:18:49 - [MESSAGE][PASSED] - Navigate to 'http://www.telepass.it' successfully

2018-01-03 15:18:49 - [TEST_STEP][PASSED] - switchToWindowTitle: Switched to window with title: 'Telepass: la soluzione di pagamento per la tua mobilità'

2018-01-03 15:18:51 - [MESSAGE][PASSED] - Switched to window with title: 'Telepass: la soluzione di pagamento per la tua mobilità'

2018-01-03 15:18:51 - [MESSAGE][PASSED] - Call Test Case 'Test Cases/FunzioniBase/fNavigaHomePage' successfully

2018-01-03 15:18:51 - [TEST_STEP][PASSED] - callTestCase: Call Test Case 'Test Cases/FunzioniBase/fLogin' successfully

2018-01-03 15:18:51 - [TEST_CASE][PASSED] - Test Cases/FunzioniBase/fLogin: Test Cases/FunzioniBase/fLogin

2018-01-03 15:18:51 - [TEST_STEP][PASSED] - click: Object: 'Object Repository/HomePage/span_Accedi' is clicked on

2018-01-03 15:18:52 - [MESSAGE][PASSED] - Object: 'Object Repository/HomePage/span_Accedi' is clicked on

2018-01-03 15:18:52 - [TEST_STEP][PASSED] - setText: Text 'cgaiani' is set on object 'Object Repository/LoginPage/input_username'

2018-01-03 15:18:52 - [MESSAGE][PASSED] - Text 'cgaiani' is set on object 'Object Repository/LoginPage/input_username'

2018-01-03 15:18:52 - [TEST_STEP][PASSED] - setText: Text 'alice123' is set on object 'Object Repository/LoginPage/input_password'

2018-01-03 15:18:53 - [MESSAGE][PASSED] - Text 'alice123' is set on object 'Object Repository/LoginPage/input_password'

2018-01-03 15:18:53 - [TEST_STEP][PASSED] - click: Object: 'Object Repository/LoginPage/button_ACCEDI' is clicked on

2018-01-03 15:18:56 - [MESSAGE][PASSED] - Object: 'Object Repository/LoginPage/button_ACCEDI' is clicked on

2018-01-03 15:18:56 - [MESSAGE][PASSED] - Call Test Case 'Test Cases/FunzioniBase/fLogin' successfully

2018-01-03 15:18:56 - [TEST_STEP][PASSED] - verifyElementText: Actual text and expected text of test object 'Object Repository/HomeContratto/NomeUtenteLoggato' are matched.

2018-01-03 15:18:56 - [MESSAGE][PASSED] - Actual text and expected text of test object 'Object Repository/HomeContratto/NomeUtenteLoggato' are matched.

2018-01-03 15:18:56 - [TEST_STEP][PASSED] - closeBrowser: Browser is closed

2018-01-03 15:18:58 - [MESSAGE][PASSED] - Browser is closed]]></system-out>
         <system-err><![CDATA[]]></system-err>
      </testcase>
      <testcase name="Test Cases/NRT/TC_01_LoginOk - Iteration 6" classname="Test Cases/NRT/TC_01_LoginOk" status="PASSED">
         <system-out><![CDATA[2018-01-03 15:18:58 - [TEST_CASE][PASSED] - Test Cases/NRT/TC_01_LoginOk - Iteration 6: Test Cases/NRT/TC_01_LoginOk

2018-01-03 15:18:58 - [TEST_STEP][PASSED] - callTestCase: Call Test Case 'Test Cases/FunzioniBase/fNavigaHomePage' successfully

2018-01-03 15:18:58 - [TEST_CASE][PASSED] - Test Cases/FunzioniBase/fNavigaHomePage: Test Cases/FunzioniBase/fNavigaHomePage

2018-01-03 15:18:58 - [TEST_STEP][PASSED] - openBrowser: Browser is opened with url: ''

2018-01-03 15:19:02 - [MESSAGE][PASSED] - Browser is opened with url: ''

2018-01-03 15:19:02 - [TEST_STEP][PASSED] - navigateToUrl: Navigate to 'http://www.telepass.it' successfully

2018-01-03 15:19:04 - [MESSAGE][PASSED] - Navigate to 'http://www.telepass.it' successfully

2018-01-03 15:19:04 - [TEST_STEP][PASSED] - switchToWindowTitle: Switched to window with title: 'Telepass: la soluzione di pagamento per la tua mobilità'

2018-01-03 15:19:08 - [MESSAGE][PASSED] - Switched to window with title: 'Telepass: la soluzione di pagamento per la tua mobilità'

2018-01-03 15:19:08 - [MESSAGE][PASSED] - Call Test Case 'Test Cases/FunzioniBase/fNavigaHomePage' successfully

2018-01-03 15:19:08 - [TEST_STEP][PASSED] - callTestCase: Call Test Case 'Test Cases/FunzioniBase/fLogin' successfully

2018-01-03 15:19:08 - [TEST_CASE][PASSED] - Test Cases/FunzioniBase/fLogin: Test Cases/FunzioniBase/fLogin

2018-01-03 15:19:08 - [TEST_STEP][PASSED] - click: Object: 'Object Repository/HomePage/span_Accedi' is clicked on

2018-01-03 15:19:09 - [MESSAGE][PASSED] - Object: 'Object Repository/HomePage/span_Accedi' is clicked on

2018-01-03 15:19:09 - [TEST_STEP][PASSED] - setText: Text 'cgaiani' is set on object 'Object Repository/LoginPage/input_username'

2018-01-03 15:19:10 - [MESSAGE][PASSED] - Text 'cgaiani' is set on object 'Object Repository/LoginPage/input_username'

2018-01-03 15:19:10 - [TEST_STEP][PASSED] - setText: Text 'alice123' is set on object 'Object Repository/LoginPage/input_password'

2018-01-03 15:19:10 - [MESSAGE][PASSED] - Text 'alice123' is set on object 'Object Repository/LoginPage/input_password'

2018-01-03 15:19:10 - [TEST_STEP][PASSED] - click: Object: 'Object Repository/LoginPage/button_ACCEDI' is clicked on

2018-01-03 15:19:13 - [MESSAGE][PASSED] - Object: 'Object Repository/LoginPage/button_ACCEDI' is clicked on

2018-01-03 15:19:13 - [MESSAGE][PASSED] - Call Test Case 'Test Cases/FunzioniBase/fLogin' successfully

2018-01-03 15:19:13 - [TEST_STEP][PASSED] - verifyElementText: Actual text and expected text of test object 'Object Repository/HomeContratto/NomeUtenteLoggato' are matched.

2018-01-03 15:19:14 - [MESSAGE][PASSED] - Actual text and expected text of test object 'Object Repository/HomeContratto/NomeUtenteLoggato' are matched.

2018-01-03 15:19:14 - [TEST_STEP][PASSED] - closeBrowser: Browser is closed

2018-01-03 15:19:15 - [MESSAGE][PASSED] - Browser is closed]]></system-out>
         <system-err><![CDATA[]]></system-err>
      </testcase>
      <testcase name="Test Cases/NRT/TC_01_LoginOk - Iteration 7" classname="Test Cases/NRT/TC_01_LoginOk" status="PASSED">
         <system-out><![CDATA[2018-01-03 15:19:15 - [TEST_CASE][PASSED] - Test Cases/NRT/TC_01_LoginOk - Iteration 7: Test Cases/NRT/TC_01_LoginOk

2018-01-03 15:19:15 - [TEST_STEP][PASSED] - callTestCase: Call Test Case 'Test Cases/FunzioniBase/fNavigaHomePage' successfully

2018-01-03 15:19:15 - [TEST_CASE][PASSED] - Test Cases/FunzioniBase/fNavigaHomePage: Test Cases/FunzioniBase/fNavigaHomePage

2018-01-03 15:19:15 - [TEST_STEP][PASSED] - openBrowser: Browser is opened with url: ''

2018-01-03 15:19:19 - [MESSAGE][PASSED] - Browser is opened with url: ''

2018-01-03 15:19:19 - [TEST_STEP][PASSED] - navigateToUrl: Navigate to 'http://www.telepass.it' successfully

2018-01-03 15:19:21 - [MESSAGE][PASSED] - Navigate to 'http://www.telepass.it' successfully

2018-01-03 15:19:21 - [TEST_STEP][PASSED] - switchToWindowTitle: Switched to window with title: 'Telepass: la soluzione di pagamento per la tua mobilità'

2018-01-03 15:19:25 - [MESSAGE][PASSED] - Switched to window with title: 'Telepass: la soluzione di pagamento per la tua mobilità'

2018-01-03 15:19:25 - [MESSAGE][PASSED] - Call Test Case 'Test Cases/FunzioniBase/fNavigaHomePage' successfully

2018-01-03 15:19:25 - [TEST_STEP][PASSED] - callTestCase: Call Test Case 'Test Cases/FunzioniBase/fLogin' successfully

2018-01-03 15:19:26 - [TEST_CASE][PASSED] - Test Cases/FunzioniBase/fLogin: Test Cases/FunzioniBase/fLogin

2018-01-03 15:19:26 - [TEST_STEP][PASSED] - click: Object: 'Object Repository/HomePage/span_Accedi' is clicked on

2018-01-03 15:19:27 - [MESSAGE][PASSED] - Object: 'Object Repository/HomePage/span_Accedi' is clicked on

2018-01-03 15:19:27 - [TEST_STEP][PASSED] - setText: Text 'cgaiani' is set on object 'Object Repository/LoginPage/input_username'

2018-01-03 15:19:27 - [MESSAGE][PASSED] - Text 'cgaiani' is set on object 'Object Repository/LoginPage/input_username'

2018-01-03 15:19:27 - [TEST_STEP][PASSED] - setText: Text 'alice123' is set on object 'Object Repository/LoginPage/input_password'

2018-01-03 15:19:27 - [MESSAGE][PASSED] - Text 'alice123' is set on object 'Object Repository/LoginPage/input_password'

2018-01-03 15:19:27 - [TEST_STEP][PASSED] - click: Object: 'Object Repository/LoginPage/button_ACCEDI' is clicked on

2018-01-03 15:19:30 - [MESSAGE][PASSED] - Object: 'Object Repository/LoginPage/button_ACCEDI' is clicked on

2018-01-03 15:19:30 - [MESSAGE][PASSED] - Call Test Case 'Test Cases/FunzioniBase/fLogin' successfully

2018-01-03 15:19:30 - [TEST_STEP][PASSED] - verifyElementText: Actual text and expected text of test object 'Object Repository/HomeContratto/NomeUtenteLoggato' are matched.

2018-01-03 15:19:31 - [MESSAGE][PASSED] - Actual text and expected text of test object 'Object Repository/HomeContratto/NomeUtenteLoggato' are matched.

2018-01-03 15:19:31 - [TEST_STEP][PASSED] - closeBrowser: Browser is closed

2018-01-03 15:19:32 - [MESSAGE][PASSED] - Browser is closed]]></system-out>
         <system-err><![CDATA[]]></system-err>
      </testcase>
      <testcase name="Test Cases/NRT/TC_01_LoginOk - Iteration 8" classname="Test Cases/NRT/TC_01_LoginOk" status="PASSED">
         <system-out><![CDATA[2018-01-03 15:19:32 - [TEST_CASE][PASSED] - Test Cases/NRT/TC_01_LoginOk - Iteration 8: Test Cases/NRT/TC_01_LoginOk

2018-01-03 15:19:32 - [TEST_STEP][PASSED] - callTestCase: Call Test Case 'Test Cases/FunzioniBase/fNavigaHomePage' successfully

2018-01-03 15:19:32 - [TEST_CASE][PASSED] - Test Cases/FunzioniBase/fNavigaHomePage: Test Cases/FunzioniBase/fNavigaHomePage

2018-01-03 15:19:32 - [TEST_STEP][PASSED] - openBrowser: Browser is opened with url: ''

2018-01-03 15:19:36 - [MESSAGE][PASSED] - Browser is opened with url: ''

2018-01-03 15:19:36 - [TEST_STEP][PASSED] - navigateToUrl: Navigate to 'http://www.telepass.it' successfully

2018-01-03 15:19:38 - [MESSAGE][PASSED] - Navigate to 'http://www.telepass.it' successfully

2018-01-03 15:19:38 - [TEST_STEP][PASSED] - switchToWindowTitle: Switched to window with title: 'Telepass: la soluzione di pagamento per la tua mobilità'

2018-01-03 15:19:42 - [MESSAGE][PASSED] - Switched to window with title: 'Telepass: la soluzione di pagamento per la tua mobilità'

2018-01-03 15:19:42 - [MESSAGE][PASSED] - Call Test Case 'Test Cases/FunzioniBase/fNavigaHomePage' successfully

2018-01-03 15:19:42 - [TEST_STEP][PASSED] - callTestCase: Call Test Case 'Test Cases/FunzioniBase/fLogin' successfully

2018-01-03 15:19:42 - [TEST_CASE][PASSED] - Test Cases/FunzioniBase/fLogin: Test Cases/FunzioniBase/fLogin

2018-01-03 15:19:42 - [TEST_STEP][PASSED] - click: Object: 'Object Repository/HomePage/span_Accedi' is clicked on

2018-01-03 15:19:43 - [MESSAGE][PASSED] - Object: 'Object Repository/HomePage/span_Accedi' is clicked on

2018-01-03 15:19:43 - [TEST_STEP][PASSED] - setText: Text 'cgaiani' is set on object 'Object Repository/LoginPage/input_username'

2018-01-03 15:19:43 - [MESSAGE][PASSED] - Text 'cgaiani' is set on object 'Object Repository/LoginPage/input_username'

2018-01-03 15:19:43 - [TEST_STEP][PASSED] - setText: Text 'alice123' is set on object 'Object Repository/LoginPage/input_password'

2018-01-03 15:19:44 - [MESSAGE][PASSED] - Text 'alice123' is set on object 'Object Repository/LoginPage/input_password'

2018-01-03 15:19:44 - [TEST_STEP][PASSED] - click: Object: 'Object Repository/LoginPage/button_ACCEDI' is clicked on

2018-01-03 15:19:47 - [MESSAGE][PASSED] - Object: 'Object Repository/LoginPage/button_ACCEDI' is clicked on

2018-01-03 15:19:47 - [MESSAGE][PASSED] - Call Test Case 'Test Cases/FunzioniBase/fLogin' successfully

2018-01-03 15:19:47 - [TEST_STEP][PASSED] - verifyElementText: Actual text and expected text of test object 'Object Repository/HomeContratto/NomeUtenteLoggato' are matched.

2018-01-03 15:19:47 - [MESSAGE][PASSED] - Actual text and expected text of test object 'Object Repository/HomeContratto/NomeUtenteLoggato' are matched.

2018-01-03 15:19:47 - [TEST_STEP][PASSED] - closeBrowser: Browser is closed

2018-01-03 15:19:49 - [MESSAGE][PASSED] - Browser is closed]]></system-out>
         <system-err><![CDATA[]]></system-err>
      </testcase>
      <system-out><![CDATA[2018-01-03 15:16:54 - [TEST_SUITE][FAILED] - TestSuite1: Test Cases/NRT/TC_01_LoginOk FAILED because (of) Verify element text of test object 'Object Repository/HomeContratto/NomeUtenteLoggato' FAILED. (Root cause: java.lang.RuntimeException: Unexpected result for screenshot command: null)]]></system-out>
      <system-err><![CDATA[2018-01-03 15:16:54 - [TEST_SUITE][FAILED] - TestSuite1: Test Cases/NRT/TC_01_LoginOk FAILED because (of) Verify element text of test object 'Object Repository/HomeContratto/NomeUtenteLoggato' FAILED. (Root cause: java.lang.RuntimeException: Unexpected result for screenshot command: null)]]></system-err>
   </testsuite>
</testsuites>
